<?xml version="1.0" encoding="UTF-8"?>
<testng-results ignored="0" total="1" passed="1" failed="0" skipped="0">
  <reporter-output>
  </reporter-output>
  <suite started-at="2022-01-12T14:34:24Z" name="Default suite" finished-at="2022-01-12T14:34:24Z" duration-ms="84">
    <groups>
    </groups>
    <test started-at="2022-01-12T14:34:24Z" name="Default test" finished-at="2022-01-12T14:34:24Z" duration-ms="84">
      <class name="com.Maven_Project.TestNG">
        <test-method signature="bala()[pri:0, instance:com.Maven_Project.TestNG@1a72a540]" started-at="2022-01-12T20:04:24Z" name="bala" finished-at="2022-01-12T20:04:24Z" duration-ms="23" status="PASS">
          <reporter-output>
          </reporter-output>
        </test-method> <!-- bala -->
      </class> <!-- com.Maven_Project.TestNG -->
    </test> <!-- Default test -->
  </suite> <!-- Default suite -->
</testng-results>
